<project default="test">
  <target name="test">
    <mkdir dir="solidbase-test-dir"/>
  </target>
</project>